2022-03-31T03:34:34+00:00 CRITICAL Uncaught Error: Object of class WP_Error could not be converted to string in D:\HOANG\xampp\htdocs\webbanhang\wp-content\themes\webbanhang\brand.php:21
Stack trace:
#0 D:\HOANG\xampp\htdocs\webbanhang\wp-includes\template.php(772): require()
#1 D:\HOANG\xampp\htdocs\webbanhang\wp-includes\template.php(716): load_template('D:\\HOANG\\xampp\\...', false, Array)
#2 D:\HOANG\xampp\htdocs\webbanhang\wp-includes\general-template.php(204): locate_template(Array, true, false, Array)
#3 D:\HOANG\xampp\htdocs\webbanhang\wp-content\themes\webbanhang\index.php(222): get_template_part('brand')
#4 D:\HOANG\xampp\htdocs\webbanhang\wp-includes\template-loader.php(106): include('D:\\HOANG\\xampp\\...')
#5 D:\HOANG\xampp\htdocs\webbanhang\wp-blog-header.php(19): require_once('D:\\HOANG\\xampp\\...')
#6 D:\HOANG\xampp\htdocs\webbanhang\index.php(17): require('D:\\HOANG\\xampp\\...')
#7 {main}
  thrown in D:\HOANG\xampp\htdocs\webbanhang\wp-content\themes\webbanhang\brand.php on line 21

2022-03-31T03:38:49+00:00 CRITICAL Uncaught Error: Object of class WP_Error could not be converted to string in D:\HOANG\xampp\htdocs\webbanhang\wp-content\themes\webbanhang\brand.php:21
Stack trace:
#0 D:\HOANG\xampp\htdocs\webbanhang\wp-includes\template.php(772): require()
#1 D:\HOANG\xampp\htdocs\webbanhang\wp-includes\template.php(716): load_template('D:\\HOANG\\xampp\\...', false, Array)
#2 D:\HOANG\xampp\htdocs\webbanhang\wp-includes\general-template.php(204): locate_template(Array, true, false, Array)
#3 D:\HOANG\xampp\htdocs\webbanhang\wp-content\themes\webbanhang\index.php(222): get_template_part('brand')
#4 D:\HOANG\xampp\htdocs\webbanhang\wp-includes\template-loader.php(106): include('D:\\HOANG\\xampp\\...')
#5 D:\HOANG\xampp\htdocs\webbanhang\wp-blog-header.php(19): require_once('D:\\HOANG\\xampp\\...')
#6 D:\HOANG\xampp\htdocs\webbanhang\index.php(17): require('D:\\HOANG\\xampp\\...')
#7 {main}
  thrown in D:\HOANG\xampp\htdocs\webbanhang\wp-content\themes\webbanhang\brand.php on line 21

2022-03-31T05:02:19+00:00 CRITICAL Uncaught Error: Call to undefined function dd() in D:\HOANG\xampp\htdocs\webbanhang\wp-content\themes\webbanhang\index.php:237
Stack trace:
#0 D:\HOANG\xampp\htdocs\webbanhang\wp-includes\template-loader.php(106): include()
#1 D:\HOANG\xampp\htdocs\webbanhang\wp-blog-header.php(19): require_once('D:\\HOANG\\xampp\\...')
#2 D:\HOANG\xampp\htdocs\webbanhang\index.php(17): require('D:\\HOANG\\xampp\\...')
#3 {main}
  thrown in D:\HOANG\xampp\htdocs\webbanhang\wp-content\themes\webbanhang\index.php on line 237

2022-03-31T05:02:43+00:00 CRITICAL Uncaught Error: Call to undefined function dd() in D:\HOANG\xampp\htdocs\webbanhang\wp-content\themes\webbanhang\index.php:237
Stack trace:
#0 D:\HOANG\xampp\htdocs\webbanhang\wp-includes\template-loader.php(106): include()
#1 D:\HOANG\xampp\htdocs\webbanhang\wp-blog-header.php(19): require_once('D:\\HOANG\\xampp\\...')
#2 D:\HOANG\xampp\htdocs\webbanhang\index.php(17): require('D:\\HOANG\\xampp\\...')
#3 {main}
  thrown in D:\HOANG\xampp\htdocs\webbanhang\wp-content\themes\webbanhang\index.php on line 237

2022-03-31T05:03:00+00:00 CRITICAL Uncaught Error: Call to undefined function dd() in D:\HOANG\xampp\htdocs\webbanhang\wp-content\themes\webbanhang\index.php:237
Stack trace:
#0 D:\HOANG\xampp\htdocs\webbanhang\wp-includes\template-loader.php(106): include()
#1 D:\HOANG\xampp\htdocs\webbanhang\wp-blog-header.php(19): require_once('D:\\HOANG\\xampp\\...')
#2 D:\HOANG\xampp\htdocs\webbanhang\index.php(17): require('D:\\HOANG\\xampp\\...')
#3 {main}
  thrown in D:\HOANG\xampp\htdocs\webbanhang\wp-content\themes\webbanhang\index.php on line 237

