2022-03-30T05:20:18+00:00 CRITICAL Uncaught Error: Call to undefined function wp_count_comment() in D:\HOANG\xampp\htdocs\webbanhang\wp-content\themes\webbanhang\index.php:204
Stack trace:
#0 D:\HOANG\xampp\htdocs\webbanhang\wp-includes\template-loader.php(106): include()
#1 D:\HOANG\xampp\htdocs\webbanhang\wp-blog-header.php(19): require_once('D:\\HOANG\\xampp\\...')
#2 D:\HOANG\xampp\htdocs\webbanhang\index.php(17): require('D:\\HOANG\\xampp\\...')
#3 {main}
  thrown in D:\HOANG\xampp\htdocs\webbanhang\wp-content\themes\webbanhang\index.php on line 204

2022-03-30T05:20:23+00:00 CRITICAL Uncaught Error: Call to undefined function wp_count_comment() in D:\HOANG\xampp\htdocs\webbanhang\wp-content\themes\webbanhang\index.php:204
Stack trace:
#0 D:\HOANG\xampp\htdocs\webbanhang\wp-includes\template-loader.php(106): include()
#1 D:\HOANG\xampp\htdocs\webbanhang\wp-blog-header.php(19): require_once('D:\\HOANG\\xampp\\...')
#2 D:\HOANG\xampp\htdocs\webbanhang\index.php(17): require('D:\\HOANG\\xampp\\...')
#3 {main}
  thrown in D:\HOANG\xampp\htdocs\webbanhang\wp-content\themes\webbanhang\index.php on line 204

2022-03-30T05:23:35+00:00 CRITICAL Uncaught Error: Call to undefined function wp_count_comment() in D:\HOANG\xampp\htdocs\webbanhang\wp-content\themes\webbanhang\index.php:204
Stack trace:
#0 D:\HOANG\xampp\htdocs\webbanhang\wp-includes\template-loader.php(106): include()
#1 D:\HOANG\xampp\htdocs\webbanhang\wp-blog-header.php(19): require_once('D:\\HOANG\\xampp\\...')
#2 D:\HOANG\xampp\htdocs\webbanhang\index.php(17): require('D:\\HOANG\\xampp\\...')
#3 {main}
  thrown in D:\HOANG\xampp\htdocs\webbanhang\wp-content\themes\webbanhang\index.php on line 204

