2022-03-19T07:12:00+00:00 CRITICAL Uncaught Error: Call to a member function get_price_html() on null in D:\HOANG\xampp\htdocs\webbanhang\wp-content\themes\webbanhang\content\item-product-content.php:18
Stack trace:
#0 D:\HOANG\xampp\htdocs\webbanhang\wp-includes\template.php(772): require()
#1 D:\HOANG\xampp\htdocs\webbanhang\wp-includes\template.php(716): load_template('D:\\HOANG\\xampp\\...', false, Array)
#2 D:\HOANG\xampp\htdocs\webbanhang\wp-includes\general-template.php(204): locate_template(Array, true, false, Array)
#3 D:\HOANG\xampp\htdocs\webbanhang\wp-content\themes\webbanhang\index.php(63): get_template_part('content/item-pr...', 'content')
#4 D:\HOANG\xampp\htdocs\webbanhang\wp-includes\template-loader.php(106): include('D:\\HOANG\\xampp\\...')
#5 D:\HOANG\xampp\htdocs\webbanhang\wp-blog-header.php(19): require_once('D:\\HOANG\\xampp\\...')
#6 D:\HOANG\xampp\htdocs\webbanhang\index.php(17): require('D:\\HOANG\\xampp\\...')
#7 {main}
  thrown in D:\HOANG\xampp\htdocs\webbanhang\wp-content\themes\webbanhang\content\item-product-content.php on line 18

2022-03-19T07:12:01+00:00 CRITICAL Uncaught Error: Call to a member function get_price_html() on null in D:\HOANG\xampp\htdocs\webbanhang\wp-content\themes\webbanhang\content\item-product-content.php:18
Stack trace:
#0 D:\HOANG\xampp\htdocs\webbanhang\wp-includes\template.php(772): require()
#1 D:\HOANG\xampp\htdocs\webbanhang\wp-includes\template.php(716): load_template('D:\\HOANG\\xampp\\...', false, Array)
#2 D:\HOANG\xampp\htdocs\webbanhang\wp-includes\general-template.php(204): locate_template(Array, true, false, Array)
#3 D:\HOANG\xampp\htdocs\webbanhang\wp-content\themes\webbanhang\index.php(63): get_template_part('content/item-pr...', 'content')
#4 D:\HOANG\xampp\htdocs\webbanhang\wp-includes\template-loader.php(106): include('D:\\HOANG\\xampp\\...')
#5 D:\HOANG\xampp\htdocs\webbanhang\wp-blog-header.php(19): require_once('D:\\HOANG\\xampp\\...')
#6 D:\HOANG\xampp\htdocs\webbanhang\index.php(17): require('D:\\HOANG\\xampp\\...')
#7 {main}
  thrown in D:\HOANG\xampp\htdocs\webbanhang\wp-content\themes\webbanhang\content\item-product-content.php on line 18

2022-03-19T07:12:01+00:00 CRITICAL Uncaught Error: Call to a member function get_price_html() on null in D:\HOANG\xampp\htdocs\webbanhang\wp-content\themes\webbanhang\content\item-product-content.php:18
Stack trace:
#0 D:\HOANG\xampp\htdocs\webbanhang\wp-includes\template.php(772): require()
#1 D:\HOANG\xampp\htdocs\webbanhang\wp-includes\template.php(716): load_template('D:\\HOANG\\xampp\\...', false, Array)
#2 D:\HOANG\xampp\htdocs\webbanhang\wp-includes\general-template.php(204): locate_template(Array, true, false, Array)
#3 D:\HOANG\xampp\htdocs\webbanhang\wp-content\themes\webbanhang\index.php(63): get_template_part('content/item-pr...', 'content')
#4 D:\HOANG\xampp\htdocs\webbanhang\wp-includes\template-loader.php(106): include('D:\\HOANG\\xampp\\...')
#5 D:\HOANG\xampp\htdocs\webbanhang\wp-blog-header.php(19): require_once('D:\\HOANG\\xampp\\...')
#6 D:\HOANG\xampp\htdocs\webbanhang\index.php(17): require('D:\\HOANG\\xampp\\...')
#7 {main}
  thrown in D:\HOANG\xampp\htdocs\webbanhang\wp-content\themes\webbanhang\content\item-product-content.php on line 18

